<?xml version="1.0" encoding="UTF-8"?>
<!-- Generated by org.testng.reporters.JUnitReportReporter -->
<testsuite hostname="MSI" failures="0" tests="1" name="com.pathquest.testclasses.TC001_Verify_Registration_Functionality" time="12.818" errors="0" timestamp="2022-09-01T22:42:25 IST" skipped="0">
  <testcase classname="com.pathquest.testclasses.TC001_Verify_Registration_Functionality" name="registration" time="12.818"/>
  <system-out/>
</testsuite> <!-- com.pathquest.testclasses.TC001_Verify_Registration_Functionality -->
